Compiling the CXX compiler identification source file "CMakeCXXCompilerId.cpp" failed.
Compiler: /usr/bin/c++ 
Build flags: 
Id flags:  

The output was:
1
CMakeCXXCompilerId.cpp:791:1: fatal error: error closing /tmp/cccROo2p.s: 设备上没有空间
  791 | }
      | ^
compilation terminated.


Compiling the CXX compiler identification source file "CMakeCXXCompilerId.cpp" failed.
Compiler: /usr/bin/c++ 
Build flags: 
Id flags: -c 

The output was:
1
CMakeCXXCompilerId.cpp:791:1: fatal error: error closing /tmp/cclLes5I.s: 设备上没有空间
  791 | }
      | ^
compilation terminated.


Compiling the CXX compiler identification source file "CMakeCXXCompilerId.cpp" failed.
Compiler: /usr/bin/c++ 
Build flags: 
Id flags: --c++ 

The output was:
1
c++: error: unrecognized command-line option ‘--c++’


Compiling the CXX compiler identification source file "CMakeCXXCompilerId.cpp" failed.
Compiler: /usr/bin/c++ 
Build flags: 
Id flags: --ec++ 

The output was:
1
c++: error: unrecognized command-line option ‘--ec++’; did you mean ‘-Weffc++’?


Compiling the CXX compiler identification source file "CMakeCXXCompilerId.cpp" failed.
Compiler: /usr/bin/c++ 
Build flags: 
Id flags: --target=arm-arm-none-eabi;-mcpu=cortex-m3 

The output was:
1
c++: warning: ‘-mcpu=’ is deprecated; use ‘-mtune=’ or ‘-march=’ instead
c++: error: unrecognized command-line option ‘--target=arm-arm-none-eabi’


Compiling the CXX compiler identification source file "CMakeCXXCompilerId.cpp" failed.
Compiler: /usr/bin/c++ 
Build flags: 
Id flags: -c;-I__does_not_exist__ 

The output was:
1
CMakeCXXCompilerId.cpp:791:1: fatal error: error closing /tmp/cccdxTDl.s: 设备上没有空间
  791 | }
      | ^
compilation terminated.


Compiling the CXX compiler identification source file "CMakeCXXCompilerId.cpp" failed.
Compiler: /usr/bin/c++ 
Build flags: 
Id flags:  

The output was:
1
CMakeCXXCompilerId.cpp:791:1: fatal error: error closing /tmp/ccG7Mux8.s: 设备上没有空间
  791 | }
      | ^
compilation terminated.


Compiling the CXX compiler identification source file "CMakeCXXCompilerId.cpp" failed.
Compiler: /usr/bin/c++ 
Build flags: 
Id flags: -c 

The output was:
1
CMakeCXXCompilerId.cpp:791:1: fatal error: error closing /tmp/ccOnHBOd.s: 设备上没有空间
  791 | }
      | ^
compilation terminated.


Compiling the CXX compiler identification source file "CMakeCXXCompilerId.cpp" failed.
Compiler: /usr/bin/c++ 
Build flags: 
Id flags: --c++ 

The output was:
1
c++: error: unrecognized command-line option ‘--c++’


Compiling the CXX compiler identification source file "CMakeCXXCompilerId.cpp" failed.
Compiler: /usr/bin/c++ 
Build flags: 
Id flags: --ec++ 

The output was:
1
c++: error: unrecognized command-line option ‘--ec++’; did you mean ‘-Weffc++’?


Compiling the CXX compiler identification source file "CMakeCXXCompilerId.cpp" failed.
Compiler: /usr/bin/c++ 
Build flags: 
Id flags: --target=arm-arm-none-eabi;-mcpu=cortex-m3 

The output was:
1
c++: warning: ‘-mcpu=’ is deprecated; use ‘-mtune=’ or ‘-march=’ instead
c++: error: unrecognized command-line option ‘--target=arm-arm-none-eabi’


Compiling the CXX compiler identification source file "CMakeCXXCompilerId.cpp" failed.
Compiler: /usr/bin/c++ 
Build flags: 
Id flags: -c;-I__does_not_exist__ 

The output was:
1
CMakeCXXCompilerId.cpp:791:1: fatal error: error closing /tmp/ccbMJ612.s: 设备上没有空间
  791 | }
      | ^
compilation terminated.


Checking whether the CXX compiler is IAR using "" did not match "IAR .+ Compiler":
c++: fatal error: no input files
compilation terminated.
Checking whether the CXX compiler is IAR using "" did not match "IAR .+ Compiler":
c++: fatal error: no input files
compilation terminated.
Detecting C compiler ABI info failed to compile with the following output:
Change Dir: /mnt/hgfs/Share/Kabi/build/CMakeFiles/CMakeTmp

Run Build Command(s):/usr/bin/gmake -f Makefile cmTC_037bc/fast && gmake: Warning: File 'Makefile' has modification time 0.19 s in the future
/usr/bin/gmake  -f CMakeFiles/cmTC_037bc.dir/build.make CMakeFiles/cmTC_037bc.dir/build
gmake[1]: Entering directory '/mnt/hgfs/Share/Kabi/build/CMakeFiles/CMakeTmp'
gmake[1]: Warning: File 'CMakeFiles/cmTC_037bc.dir/flags.make' has modification time 0.18 s in the future
Building C object CMakeFiles/cmTC_037bc.dir/CMakeCCompilerABI.c.o
/usr/bin/cc   -v -o CMakeFiles/cmTC_037bc.dir/CMakeCCompilerABI.c.o -c /usr/share/cmake-3.22/Modules/CMakeCCompilerABI.c
Using built-in specs.
COLLECT_GCC=/usr/bin/cc
OFFLOAD_TARGET_NAMES=nvptx-none:amdgcn-amdhsa
OFFLOAD_TARGET_DEFAULT=1
Target: x86_64-linux-gnu
Configured with: ../src/configure -v --with-pkgversion='Ubuntu 11.4.0-1ubuntu1~22.04' --with-bugurl=file:///usr/share/doc/gcc-11/README.Bugs --enable-languages=c,ada,c++,go,brig,d,fortran,objc,obj-c++,m2 --prefix=/usr --with-gcc-major-version-only --program-suffix=-11 --program-prefix=x86_64-linux-gnu- --enable-shared --enable-linker-build-id --libexecdir=/usr/lib --without-included-gettext --enable-threads=posix --libdir=/usr/lib --enable-nls --enable-bootstrap --enable-clocale=gnu --enable-libstdcxx-debug --enable-libstdcxx-time=yes --with-default-libstdcxx-abi=new --enable-gnu-unique-object --disable-vtable-verify --enable-plugin --enable-default-pie --with-system-zlib --enable-libphobos-checking=release --with-target-system-zlib=auto --enable-objc-gc=auto --enable-multiarch --disable-werror --enable-cet --with-arch-32=i686 --with-abi=m64 --with-multilib-list=m32,m64,mx32 --enable-multilib --with-tune=generic --enable-offload-targets=nvptx-none=/build/gcc-11-XeT9lY/gcc-11-11.4.0/debian/tmp-nvptx/usr,amdgcn-amdhsa=/build/gcc-11-XeT9lY/gcc-11-11.4.0/debian/tmp-gcn/usr --without-cuda-driver --enable-checking=release --build=x86_64-linux-gnu --host=x86_64-linux-gnu --target=x86_64-linux-gnu --with-build-config=bootstrap-lto-lean --enable-link-serialization=2
Thread model: posix
Supported LTO compression algorithms: zlib zstd
gcc version 11.4.0 (Ubuntu 11.4.0-1ubuntu1~22.04) 
COLLECT_GCC_OPTIONS='-v' '-o' 'CMakeFiles/cmTC_037bc.dir/CMakeCCompilerABI.c.o' '-c' '-mtune=generic' '-march=x86-64' '-dumpdir' 'CMakeFiles/cmTC_037bc.dir/'
 /usr/lib/gcc/x86_64-linux-gnu/11/cc1 -quiet -v -imultiarch x86_64-linux-gnu /usr/share/cmake-3.22/Modules/CMakeCCompilerABI.c -quiet -dumpdir CMakeFiles/cmTC_037bc.dir/ -dumpbase CMakeCCompilerABI.c.c -dumpbase-ext .c -mtune=generic -march=x86-64 -version -fasynchronous-unwind-tables -fstack-protector-strong -Wformat -Wformat-security -fstack-clash-protection -fcf-protection -o /tmp/ccM7glut.s
GNU C17 (Ubuntu 11.4.0-1ubuntu1~22.04) version 11.4.0 (x86_64-linux-gnu)
	compiled by GNU C version 11.4.0, GMP version 6.2.1, MPFR version 4.1.0, MPC version 1.2.1, isl version isl-0.24-GMP

GGC heuristics: --param ggc-min-expand=100 --param ggc-min-heapsize=131072
ignoring nonexistent directory "/usr/local/include/x86_64-linux-gnu"
ignoring nonexistent directory "/usr/lib/gcc/x86_64-linux-gnu/11/include-fixed"
ignoring nonexistent directory "/usr/lib/gcc/x86_64-linux-gnu/11/../../../../x86_64-linux-gnu/include"
#include "..." search starts here:
#include <...> search starts here:
 /usr/lib/gcc/x86_64-linux-gnu/11/include
 /usr/local/include
 /usr/include/x86_64-linux-gnu
 /usr/include
End of search list.
GNU C17 (Ubuntu 11.4.0-1ubuntu1~22.04) version 11.4.0 (x86_64-linux-gnu)
	compiled by GNU C version 11.4.0, GMP version 6.2.1, MPFR version 4.1.0, MPC version 1.2.1, isl version isl-0.24-GMP

GGC heuristics: --param ggc-min-expand=100 --param ggc-min-heapsize=131072
Compiler executable checksum: 50eaa2331df977b8016186198deb2d18
/usr/share/cmake-3.22/Modules/CMakeCCompilerABI.c:27:1: fatal error: error closing /tmp/ccM7glut.s: No space left on device
   27 | }
      | ^
compilation terminated.
gmake[1]: *** [CMakeFiles/cmTC_037bc.dir/build.make:78: CMakeFiles/cmTC_037bc.dir/CMakeCCompilerABI.c.o] Error 1
gmake[1]: Leaving directory '/mnt/hgfs/Share/Kabi/build/CMakeFiles/CMakeTmp'
gmake: *** [Makefile:127: cmTC_037bc/fast] Error 2




Determining if the C compiler works failed with the following output:
Change Dir: /mnt/hgfs/Share/Kabi/build/CMakeFiles/CMakeTmp

Run Build Command(s):/usr/bin/gmake -f Makefile cmTC_62532/fast && gmake: 警告：文件“Makefile”的修改时间在未来 1.1 秒后
/usr/bin/gmake  -f CMakeFiles/cmTC_62532.dir/build.make CMakeFiles/cmTC_62532.dir/build
gmake[1]: 进入目录“/mnt/hgfs/Share/Kabi/build/CMakeFiles/CMakeTmp”
gmake[1]: 警告：文件“CMakeFiles/cmTC_62532.dir/flags.make”的修改时间在未来 1.1 秒后
Building C object CMakeFiles/cmTC_62532.dir/testCCompiler.c.o
/usr/bin/cc    -o CMakeFiles/cmTC_62532.dir/testCCompiler.c.o -c /mnt/hgfs/Share/Kabi/build/CMakeFiles/CMakeTmp/testCCompiler.c
/mnt/hgfs/Share/Kabi/build/CMakeFiles/CMakeTmp/testCCompiler.c:11:1: fatal error: error closing /tmp/ccFumoqo.s: 设备上没有空间
   11 | { (void)argv; return argc-1;}
      | ^
compilation terminated.
gmake[1]: *** [CMakeFiles/cmTC_62532.dir/build.make:78：CMakeFiles/cmTC_62532.dir/testCCompiler.c.o] 错误 1
gmake[1]: 离开目录“/mnt/hgfs/Share/Kabi/build/CMakeFiles/CMakeTmp”
gmake: *** [Makefile:127：cmTC_62532/fast] 错误 2



Compiling the C compiler identification source file "CMakeCCompilerId.c" failed.
Compiler: /usr/bin/cc 
Build flags: 
Id flags:  

The output was:
1
CMakeCCompilerId.c:802:1: fatal error: error closing /tmp/cctg1VKq.s: 设备上没有空间
  802 | }
      | ^
compilation terminated.


Compiling the C compiler identification source file "CMakeCCompilerId.c" failed.
Compiler: /usr/bin/cc 
Build flags: 
Id flags: -c 

The output was:
1
CMakeCCompilerId.c:802:1: fatal error: error closing /tmp/ccJoGWtg.s: 设备上没有空间
  802 | }
      | ^
compilation terminated.


Compiling the C compiler identification source file "CMakeCCompilerId.c" failed.
Compiler: /usr/bin/cc 
Build flags: 
Id flags: -Aa 

The output was:
1
<command-line>: error: missing '(' after predicate
CMakeCCompilerId.c:802:1: fatal error: error closing /tmp/ccuXDHtK.s: 设备上没有空间
  802 | }
      | ^
compilation terminated.


Compiling the C compiler identification source file "CMakeCCompilerId.c" failed.
Compiler: /usr/bin/cc 
Build flags: 
Id flags: -D__CLASSIC_C__ 

The output was:
1
CMakeCCompilerId.c:802:1: fatal error: error closing /tmp/ccjic3h9.s: 设备上没有空间
  802 | }
      | ^
compilation terminated.


Compiling the C compiler identification source file "CMakeCCompilerId.c" failed.
Compiler: /usr/bin/cc 
Build flags: 
Id flags: --target=arm-arm-none-eabi;-mcpu=cortex-m3 

The output was:
1
cc: warning: ‘-mcpu=’ is deprecated; use ‘-mtune=’ or ‘-march=’ instead
cc: error: unrecognized command-line option ‘--target=arm-arm-none-eabi’


Compiling the C compiler identification source file "CMakeCCompilerId.c" failed.
Compiler: /usr/bin/cc 
Build flags: 
Id flags: -c;-I__does_not_exist__ 

The output was:
1
CMakeCCompilerId.c:802:1: fatal error: error closing /tmp/cc2XbnpT.s: 设备上没有空间
  802 | }
      | ^
compilation terminated.


Compiling the C compiler identification source file "CMakeCCompilerId.c" failed.
Compiler: /usr/bin/cc 
Build flags: 
Id flags:  

The output was:
1
CMakeCCompilerId.c:802:1: fatal error: error closing /tmp/ccQX9AYf.s: 设备上没有空间
  802 | }
      | ^
compilation terminated.


Compiling the C compiler identification source file "CMakeCCompilerId.c" failed.
Compiler: /usr/bin/cc 
Build flags: 
Id flags: -c 

The output was:
1
CMakeCCompilerId.c:802:1: fatal error: error closing /tmp/ccWhKFAu.s: 设备上没有空间
  802 | }
      | ^
compilation terminated.


Compiling the C compiler identification source file "CMakeCCompilerId.c" failed.
Compiler: /usr/bin/cc 
Build flags: 
Id flags: -Aa 

The output was:
1
<command-line>: error: missing '(' after predicate
CMakeCCompilerId.c:802:1: fatal error: error closing /tmp/ccQ49inf.s: 设备上没有空间
  802 | }
      | ^
compilation terminated.


Compiling the C compiler identification source file "CMakeCCompilerId.c" failed.
Compiler: /usr/bin/cc 
Build flags: 
Id flags: -D__CLASSIC_C__ 

The output was:
1
CMakeCCompilerId.c:802:1: fatal error: error closing /tmp/ccmiyC1A.s: 设备上没有空间
  802 | }
      | ^
compilation terminated.


Compiling the C compiler identification source file "CMakeCCompilerId.c" failed.
Compiler: /usr/bin/cc 
Build flags: 
Id flags: --target=arm-arm-none-eabi;-mcpu=cortex-m3 

The output was:
1
cc: warning: ‘-mcpu=’ is deprecated; use ‘-mtune=’ or ‘-march=’ instead
cc: error: unrecognized command-line option ‘--target=arm-arm-none-eabi’


Compiling the C compiler identification source file "CMakeCCompilerId.c" failed.
Compiler: /usr/bin/cc 
Build flags: 
Id flags: -c;-I__does_not_exist__ 

The output was:
1
CMakeCCompilerId.c:802:1: fatal error: error closing /tmp/cc1aI0fZ.s: 设备上没有空间
  802 | }
      | ^
compilation terminated.


Checking whether the C compiler is IAR using "" did not match "IAR .+ Compiler":
cc: fatal error: no input files
compilation terminated.
Checking whether the C compiler is IAR using "" did not match "IAR .+ Compiler":
cc: fatal error: no input files
compilation terminated.
Compiling the CXX compiler identification source file "CMakeCXXCompilerId.cpp" failed.
Compiler: /usr/bin/c++ 
Build flags: 
Id flags:  

The output was:
1
CMakeCXXCompilerId.cpp:791:1: fatal error: error closing /tmp/ccl2MMfI.s: 设备上没有空间
  791 | }
      | ^
compilation terminated.


Compiling the CXX compiler identification source file "CMakeCXXCompilerId.cpp" failed.
Compiler: /usr/bin/c++ 
Build flags: 
Id flags: -c 

The output was:
1
CMakeCXXCompilerId.cpp:791:1: fatal error: error closing /tmp/cc9lMp24.s: 设备上没有空间
  791 | }
      | ^
compilation terminated.


Compiling the CXX compiler identification source file "CMakeCXXCompilerId.cpp" failed.
Compiler: /usr/bin/c++ 
Build flags: 
Id flags: --c++ 

The output was:
1
c++: error: unrecognized command-line option ‘--c++’


Compiling the CXX compiler identification source file "CMakeCXXCompilerId.cpp" failed.
Compiler: /usr/bin/c++ 
Build flags: 
Id flags: --ec++ 

The output was:
1
c++: error: unrecognized command-line option ‘--ec++’; did you mean ‘-Weffc++’?


Compiling the CXX compiler identification source file "CMakeCXXCompilerId.cpp" failed.
Compiler: /usr/bin/c++ 
Build flags: 
Id flags: --target=arm-arm-none-eabi;-mcpu=cortex-m3 

The output was:
1
c++: warning: ‘-mcpu=’ is deprecated; use ‘-mtune=’ or ‘-march=’ instead
c++: error: unrecognized command-line option ‘--target=arm-arm-none-eabi’


Compiling the CXX compiler identification source file "CMakeCXXCompilerId.cpp" failed.
Compiler: /usr/bin/c++ 
Build flags: 
Id flags: -c;-I__does_not_exist__ 

The output was:
1
CMakeCXXCompilerId.cpp:791:1: fatal error: error closing /tmp/cchFHUxM.s: 设备上没有空间
  791 | }
      | ^
compilation terminated.


Compiling the CXX compiler identification source file "CMakeCXXCompilerId.cpp" failed.
Compiler: /usr/bin/c++ 
Build flags: 
Id flags:  

The output was:
1
CMakeCXXCompilerId.cpp:791:1: fatal error: error closing /tmp/ccgPHscV.s: 设备上没有空间
  791 | }
      | ^
compilation terminated.


Compiling the CXX compiler identification source file "CMakeCXXCompilerId.cpp" failed.
Compiler: /usr/bin/c++ 
Build flags: 
Id flags: -c 

The output was:
1
CMakeCXXCompilerId.cpp:791:1: fatal error: error closing /tmp/ccJeFU6S.s: 设备上没有空间
  791 | }
      | ^
compilation terminated.


Compiling the CXX compiler identification source file "CMakeCXXCompilerId.cpp" failed.
Compiler: /usr/bin/c++ 
Build flags: 
Id flags: --c++ 

The output was:
1
c++: error: unrecognized command-line option ‘--c++’


Compiling the CXX compiler identification source file "CMakeCXXCompilerId.cpp" failed.
Compiler: /usr/bin/c++ 
Build flags: 
Id flags: --ec++ 

The output was:
1
c++: error: unrecognized command-line option ‘--ec++’; did you mean ‘-Weffc++’?


Compiling the CXX compiler identification source file "CMakeCXXCompilerId.cpp" failed.
Compiler: /usr/bin/c++ 
Build flags: 
Id flags: --target=arm-arm-none-eabi;-mcpu=cortex-m3 

The output was:
1
c++: warning: ‘-mcpu=’ is deprecated; use ‘-mtune=’ or ‘-march=’ instead
c++: error: unrecognized command-line option ‘--target=arm-arm-none-eabi’


Compiling the CXX compiler identification source file "CMakeCXXCompilerId.cpp" failed.
Compiler: /usr/bin/c++ 
Build flags: 
Id flags: -c;-I__does_not_exist__ 

The output was:
1
CMakeCXXCompilerId.cpp:791:1: fatal error: error closing /tmp/ccCDIzXD.s: 设备上没有空间
  791 | }
      | ^
compilation terminated.


Checking whether the CXX compiler is IAR using "" did not match "IAR .+ Compiler":
c++: fatal error: no input files
compilation terminated.
Checking whether the CXX compiler is IAR using "" did not match "IAR .+ Compiler":
c++: fatal error: no input files
compilation terminated.
Detecting C compiler ABI info failed to compile with the following output:
Change Dir: /mnt/hgfs/Share/Kabi/build/CMakeFiles/CMakeTmp

Run Build Command(s):/usr/bin/gmake -f Makefile cmTC_b0508/fast && gmake: Warning: File 'Makefile' has modification time 1.1 s in the future
/usr/bin/gmake  -f CMakeFiles/cmTC_b0508.dir/build.make CMakeFiles/cmTC_b0508.dir/build
gmake[1]: Entering directory '/mnt/hgfs/Share/Kabi/build/CMakeFiles/CMakeTmp'
gmake[1]: Warning: File 'CMakeFiles/cmTC_b0508.dir/flags.make' has modification time 1.1 s in the future
Building C object CMakeFiles/cmTC_b0508.dir/CMakeCCompilerABI.c.o
/usr/bin/cc    -o CMakeFiles/cmTC_b0508.dir/CMakeCCompilerABI.c.o -c /usr/share/cmake-3.22/Modules/CMakeCCompilerABI.c
/usr/share/cmake-3.22/Modules/CMakeCCompilerABI.c:27:1: fatal error: error closing /tmp/ccDhqR7k.s: No space left on device
   27 | }
      | ^
compilation terminated.
gmake[1]: *** [CMakeFiles/cmTC_b0508.dir/build.make:78: CMakeFiles/cmTC_b0508.dir/CMakeCCompilerABI.c.o] Error 1
gmake[1]: Leaving directory '/mnt/hgfs/Share/Kabi/build/CMakeFiles/CMakeTmp'
gmake: *** [Makefile:127: cmTC_b0508/fast] Error 2




Determining if the C compiler works failed with the following output:
Change Dir: /mnt/hgfs/Share/Kabi/build/CMakeFiles/CMakeTmp

Run Build Command(s):/usr/bin/gmake -f Makefile cmTC_e21c1/fast && gmake: 警告：文件“Makefile”的修改时间在未来 1 秒后
/usr/bin/gmake  -f CMakeFiles/cmTC_e21c1.dir/build.make CMakeFiles/cmTC_e21c1.dir/build
gmake[1]: 进入目录“/mnt/hgfs/Share/Kabi/build/CMakeFiles/CMakeTmp”
gmake[1]: 警告：文件“CMakeFiles/cmTC_e21c1.dir/flags.make”的修改时间在未来 1 秒后
Building C object CMakeFiles/cmTC_e21c1.dir/testCCompiler.c.o
/usr/bin/cc    -o CMakeFiles/cmTC_e21c1.dir/testCCompiler.c.o -c /mnt/hgfs/Share/Kabi/build/CMakeFiles/CMakeTmp/testCCompiler.c
/mnt/hgfs/Share/Kabi/build/CMakeFiles/CMakeTmp/testCCompiler.c:11:1: fatal error: error closing /tmp/ccDNhHlz.s: 设备上没有空间
   11 | { (void)argv; return argc-1;}
      | ^
compilation terminated.
gmake[1]: *** [CMakeFiles/cmTC_e21c1.dir/build.make:78：CMakeFiles/cmTC_e21c1.dir/testCCompiler.c.o] 错误 1
gmake[1]: 离开目录“/mnt/hgfs/Share/Kabi/build/CMakeFiles/CMakeTmp”
gmake: *** [Makefile:127：cmTC_e21c1/fast] 错误 2



Detecting CXX compiler ABI info failed to compile with the following output:
Change Dir: /mnt/hgfs/Share/Kabi/build/CMakeFiles/CMakeTmp

Run Build Command(s):/usr/bin/gmake -f Makefile cmTC_adbb7/fast && gmake: Warning: File 'Makefile' has modification time 0.95 s in the future
/usr/bin/gmake  -f CMakeFiles/cmTC_adbb7.dir/build.make CMakeFiles/cmTC_adbb7.dir/build
gmake[1]: Entering directory '/mnt/hgfs/Share/Kabi/build/CMakeFiles/CMakeTmp'
gmake[1]: Warning: File 'CMakeFiles/cmTC_adbb7.dir/flags.make' has modification time 0.95 s in the future
Building CXX object CMakeFiles/cmTC_adbb7.dir/CMakeCXXCompilerABI.cpp.o
/usr/bin/c++   -v -o CMakeFiles/cmTC_adbb7.dir/CMakeCXXCompilerABI.cpp.o -c /usr/share/cmake-3.22/Modules/CMakeCXXCompilerABI.cpp
Using built-in specs.
COLLECT_GCC=/usr/bin/c++
OFFLOAD_TARGET_NAMES=nvptx-none:amdgcn-amdhsa
OFFLOAD_TARGET_DEFAULT=1
Target: x86_64-linux-gnu
Configured with: ../src/configure -v --with-pkgversion='Ubuntu 11.4.0-1ubuntu1~22.04' --with-bugurl=file:///usr/share/doc/gcc-11/README.Bugs --enable-languages=c,ada,c++,go,brig,d,fortran,objc,obj-c++,m2 --prefix=/usr --with-gcc-major-version-only --program-suffix=-11 --program-prefix=x86_64-linux-gnu- --enable-shared --enable-linker-build-id --libexecdir=/usr/lib --without-included-gettext --enable-threads=posix --libdir=/usr/lib --enable-nls --enable-bootstrap --enable-clocale=gnu --enable-libstdcxx-debug --enable-libstdcxx-time=yes --with-default-libstdcxx-abi=new --enable-gnu-unique-object --disable-vtable-verify --enable-plugin --enable-default-pie --with-system-zlib --enable-libphobos-checking=release --with-target-system-zlib=auto --enable-objc-gc=auto --enable-multiarch --disable-werror --enable-cet --with-arch-32=i686 --with-abi=m64 --with-multilib-list=m32,m64,mx32 --enable-multilib --with-tune=generic --enable-offload-targets=nvptx-none=/build/gcc-11-XeT9lY/gcc-11-11.4.0/debian/tmp-nvptx/usr,amdgcn-amdhsa=/build/gcc-11-XeT9lY/gcc-11-11.4.0/debian/tmp-gcn/usr --without-cuda-driver --enable-checking=release --build=x86_64-linux-gnu --host=x86_64-linux-gnu --target=x86_64-linux-gnu --with-build-config=bootstrap-lto-lean --enable-link-serialization=2
Thread model: posix
Supported LTO compression algorithms: zlib zstd
gcc version 11.4.0 (Ubuntu 11.4.0-1ubuntu1~22.04) 
COLLECT_GCC_OPTIONS='-v' '-o' 'CMakeFiles/cmTC_adbb7.dir/CMakeCXXCompilerABI.cpp.o' '-c' '-shared-libgcc' '-mtune=generic' '-march=x86-64' '-dumpdir' 'CMakeFiles/cmTC_adbb7.dir/'
 /usr/lib/gcc/x86_64-linux-gnu/11/cc1plus -quiet -v -imultiarch x86_64-linux-gnu -D_GNU_SOURCE /usr/share/cmake-3.22/Modules/CMakeCXXCompilerABI.cpp -quiet -dumpdir CMakeFiles/cmTC_adbb7.dir/ -dumpbase CMakeCXXCompilerABI.cpp.cpp -dumpbase-ext .cpp -mtune=generic -march=x86-64 -version -fasynchronous-unwind-tables -fstack-protector-strong -Wformat -Wformat-security -fstack-clash-protection -fcf-protection -o /tmp/ccZY6hdD.s
GNU C++17 (Ubuntu 11.4.0-1ubuntu1~22.04) version 11.4.0 (x86_64-linux-gnu)
	compiled by GNU C version 11.4.0, GMP version 6.2.1, MPFR version 4.1.0, MPC version 1.2.1, isl version isl-0.24-GMP

GGC heuristics: --param ggc-min-expand=100 --param ggc-min-heapsize=131072
ignoring duplicate directory "/usr/include/x86_64-linux-gnu/c++/11"
ignoring nonexistent directory "/usr/local/include/x86_64-linux-gnu"
ignoring nonexistent directory "/usr/lib/gcc/x86_64-linux-gnu/11/include-fixed"
ignoring nonexistent directory "/usr/lib/gcc/x86_64-linux-gnu/11/../../../../x86_64-linux-gnu/include"
#include "..." search starts here:
#include <...> search starts here:
 /usr/include/c++/11
 /usr/include/x86_64-linux-gnu/c++/11
 /usr/include/c++/11/backward
 /usr/lib/gcc/x86_64-linux-gnu/11/include
 /usr/local/include
 /usr/include/x86_64-linux-gnu
 /usr/include
End of search list.
GNU C++17 (Ubuntu 11.4.0-1ubuntu1~22.04) version 11.4.0 (x86_64-linux-gnu)
	compiled by GNU C version 11.4.0, GMP version 6.2.1, MPFR version 4.1.0, MPC version 1.2.1, isl version isl-0.24-GMP

GGC heuristics: --param ggc-min-expand=100 --param ggc-min-heapsize=131072
Compiler executable checksum: d591828bb4d392ae8b7b160e5bb0b95f
/usr/share/cmake-3.22/Modules/CMakeCXXCompilerABI.cpp:18:1: fatal error: error closing /tmp/ccZY6hdD.s: No space left on device
   18 | }
      | ^
compilation terminated.
gmake[1]: *** [CMakeFiles/cmTC_adbb7.dir/build.make:78: CMakeFiles/cmTC_adbb7.dir/CMakeCXXCompilerABI.cpp.o] Error 1
gmake[1]: Leaving directory '/mnt/hgfs/Share/Kabi/build/CMakeFiles/CMakeTmp'
gmake: *** [Makefile:127: cmTC_adbb7/fast] Error 2




Determining if the CXX compiler works failed with the following output:
Change Dir: /mnt/hgfs/Share/Kabi/build/CMakeFiles/CMakeTmp

Run Build Command(s):/usr/bin/gmake -f Makefile cmTC_b669a/fast && gmake: 警告：文件“Makefile”的修改时间在未来 0.84 秒后
/usr/bin/gmake  -f CMakeFiles/cmTC_b669a.dir/build.make CMakeFiles/cmTC_b669a.dir/build
gmake[1]: 进入目录“/mnt/hgfs/Share/Kabi/build/CMakeFiles/CMakeTmp”
gmake[1]: 警告：文件“CMakeFiles/cmTC_b669a.dir/flags.make”的修改时间在未来 0.84 秒后
Building CXX object CMakeFiles/cmTC_b669a.dir/testCXXCompiler.cxx.o
/usr/bin/c++    -o CMakeFiles/cmTC_b669a.dir/testCXXCompiler.cxx.o -c /mnt/hgfs/Share/Kabi/build/CMakeFiles/CMakeTmp/testCXXCompiler.cxx
/mnt/hgfs/Share/Kabi/build/CMakeFiles/CMakeTmp/testCXXCompiler.cxx:4:21: fatal error: error closing /tmp/ccy10p1Y.s: 设备上没有空间
    4 | int main(){return 0;}
      |                     ^
compilation terminated.
gmake[1]: *** [CMakeFiles/cmTC_b669a.dir/build.make:78：CMakeFiles/cmTC_b669a.dir/testCXXCompiler.cxx.o] 错误 1
gmake[1]: 离开目录“/mnt/hgfs/Share/Kabi/build/CMakeFiles/CMakeTmp”
gmake: *** [Makefile:127：cmTC_b669a/fast] 错误 2



